<?xml version="1.0" encoding="UTF-8"?>
<!-- Generated by org.testng.reporters.JUnitXMLReporter -->
<testsuite ignored="12" hostname="DESKTOP-EINLN9Q" failures="0" tests="6" name="TestNG_flag_6" time="0.057" errors="0" timestamp="2023-01-21T15:03:01 IST">
  <testcase classname="testNG_flags.flag_6" name="it1" time="0.009"/>
  <testcase classname="testNG_flags.flag_6" name="it2" time="0.002"/>
  <testcase classname="testNG_flags.flag_6" name="it3" time="0.001"/>
  <testcase classname="testNG_flags.flag_6" name="it4" time="0.001"/>
  <testcase classname="testNG_flags.flag_6" name="it5" time="0.001"/>
  <testcase classname="testNG_flags.flag_6" name="it6" time="0.001"/>
  <testcase classname="testNG_flags.flag_6" name="ft5" time="0.0">
    <ignored/>
  </testcase> <!-- ft5 -->
  <testcase classname="testNG_flags.flag_6" name="ft2" time="0.0">
    <ignored/>
  </testcase> <!-- ft2 -->
  <testcase classname="testNG_flags.flag_6" name="st5" time="0.0">
    <ignored/>
  </testcase> <!-- st5 -->
  <testcase classname="testNG_flags.flag_6" name="ft3" time="0.0">
    <ignored/>
  </testcase> <!-- ft3 -->
  <testcase classname="testNG_flags.flag_6" name="st6" time="0.0">
    <ignored/>
  </testcase> <!-- st6 -->
  <testcase classname="testNG_flags.flag_6" name="st3" time="0.0">
    <ignored/>
  </testcase> <!-- st3 -->
  <testcase classname="testNG_flags.flag_6" name="ft1" time="0.0">
    <ignored/>
  </testcase> <!-- ft1 -->
  <testcase classname="testNG_flags.flag_6" name="st4" time="0.0">
    <ignored/>
  </testcase> <!-- st4 -->
  <testcase classname="testNG_flags.flag_6" name="st1" time="0.0">
    <ignored/>
  </testcase> <!-- st1 -->
  <testcase classname="testNG_flags.flag_6" name="st2" time="0.0">
    <ignored/>
  </testcase> <!-- st2 -->
  <testcase classname="testNG_flags.flag_6" name="ft6" time="0.0">
    <ignored/>
  </testcase> <!-- ft6 -->
  <testcase classname="testNG_flags.flag_6" name="ft4" time="0.0">
    <ignored/>
  </testcase> <!-- ft4 -->
</testsuite> <!-- TestNG_flag_6 -->
